2019-07-25 16:39:38,569 DEBUG: exchange_rates.backends.base 9983 140583876163328 Orig amount 1000
2019-07-25 16:39:38,569 INFO: exchange_rates.backends.base 9983 140583876163328 test
2019-07-25 16:39:38,569 DEBUG: exchange_rates.backends.base 9983 140583876163328 Comenzando con amount val 1000
2019-07-25 16:39:38,569 DEBUG: exchange_rates.backends.base 9983 140583876163328 Rate val 1.115119
2019-07-25 16:39:38,569 DEBUG: exchange_rates.backends.base 9983 140583876163328 Day val 1115.119000
2019-07-25 16:39:38,569 DEBUG: exchange_rates.backends.base 9983 140583876163328 Period val 0.115119
2019-07-25 16:39:38,569 DEBUG: exchange_rates.backends.base 9983 140583876163328 Period val +1: =1.115119
2019-07-25 16:39:38,569 DEBUG: exchange_rates.backends.base 9983 140583876163328 Comenzando con amount val 1115.119000
2019-07-25 16:39:38,570 DEBUG: exchange_rates.backends.base 9983 140583876163328 Rate val 1.114205
2019-07-25 16:39:38,570 DEBUG: exchange_rates.backends.base 9983 140583876163328 Day val 1114.205000
2019-07-25 16:39:38,570 DEBUG: exchange_rates.backends.base 9983 140583876163328 Period val -0.0008196434640607863376016371347
2019-07-25 16:39:38,570 DEBUG: exchange_rates.backends.base 9983 140583876163328 Period val +1: =0.9991803565359392136623983629
2019-07-25 16:39:38,570 DEBUG: exchange_rates.backends.base 9983 140583876163328 Comenzando con amount val 1114.205000
2019-07-25 16:39:38,570 DEBUG: exchange_rates.backends.base 9983 140583876163328 Rate val 1.112792
2019-07-25 16:39:38,570 DEBUG: exchange_rates.backends.base 9983 140583876163328 Day val 1112.792000
2019-07-25 16:39:38,570 DEBUG: exchange_rates.backends.base 9983 140583876163328 Period val -0.001268168784020893821154993919
2019-07-25 16:39:38,570 DEBUG: exchange_rates.backends.base 9983 140583876163328 Period val +1: =0.9987318312159791061788450061
2019-07-25 16:39:38,570 DEBUG: exchange_rates.backends.base 9983 140583876163328 result con -1: =0.112792000000000000000000000
2019-07-25 16:59:30,577 DEBUG: exchange_rates.backends.base 3890 139631240513280 Orig amount 1000
2019-07-25 16:59:30,577 DEBUG: exchange_rates.backends.base 3890 139631240513280 Comenzando con amount val 1000
2019-07-25 16:59:30,578 DEBUG: exchange_rates.backends.base 3890 139631240513280 Rate val 1.115119
2019-07-25 16:59:30,578 DEBUG: exchange_rates.backends.base 3890 139631240513280 Day val 1115.119000
2019-07-25 16:59:30,578 DEBUG: exchange_rates.backends.base 3890 139631240513280 Period val 0.115119
2019-07-25 16:59:30,578 DEBUG: exchange_rates.backends.base 3890 139631240513280 Period val +1: =1.115119
2019-07-25 16:59:30,578 DEBUG: exchange_rates.backends.base 3890 139631240513280 Comenzando con amount val 1115.119000
2019-07-25 16:59:30,578 DEBUG: exchange_rates.backends.base 3890 139631240513280 Rate val 1.114205
2019-07-25 16:59:30,578 DEBUG: exchange_rates.backends.base 3890 139631240513280 Day val 1114.205000
2019-07-25 16:59:30,578 DEBUG: exchange_rates.backends.base 3890 139631240513280 Period val -0.0008196434640607863376016371347
2019-07-25 16:59:30,578 DEBUG: exchange_rates.backends.base 3890 139631240513280 Period val +1: =0.9991803565359392136623983629
2019-07-25 16:59:30,578 DEBUG: exchange_rates.backends.base 3890 139631240513280 Comenzando con amount val 1114.205000
2019-07-25 16:59:30,579 DEBUG: exchange_rates.backends.base 3890 139631240513280 Rate val 1.112792
2019-07-25 16:59:30,579 DEBUG: exchange_rates.backends.base 3890 139631240513280 Day val 1112.792000
2019-07-25 16:59:30,579 DEBUG: exchange_rates.backends.base 3890 139631240513280 Period val -0.001268168784020893821154993919
2019-07-25 16:59:30,579 DEBUG: exchange_rates.backends.base 3890 139631240513280 Period val +1: =0.9987318312159791061788450061
2019-07-25 16:59:30,579 DEBUG: exchange_rates.backends.base 3890 139631240513280 result con -1: =0.112792000000000000000000000
2019-07-25 16:59:41,822 DEBUG: exchange_rates.backends.base 3890 139631240513280 Orig amount 1000
2019-07-25 16:59:41,822 DEBUG: exchange_rates.backends.base 3890 139631240513280 Comenzando con amount val 1000
2019-07-25 16:59:41,822 DEBUG: exchange_rates.backends.base 3890 139631240513280 Rate val 1.120576
2019-07-25 16:59:41,822 DEBUG: exchange_rates.backends.base 3890 139631240513280 Day val 1120.576000
2019-07-25 16:59:41,822 DEBUG: exchange_rates.backends.base 3890 139631240513280 Period val 0.120576
2019-07-25 16:59:41,822 DEBUG: exchange_rates.backends.base 3890 139631240513280 Period val +1: =1.120576
2019-07-25 16:59:41,822 DEBUG: exchange_rates.backends.base 3890 139631240513280 Comenzando con amount val 1120.576000
2019-07-25 16:59:41,822 DEBUG: exchange_rates.backends.base 3890 139631240513280 Rate val 1.115119
2019-07-25 16:59:41,822 DEBUG: exchange_rates.backends.base 3890 139631240513280 Day val 1115.119000
2019-07-25 16:59:41,822 DEBUG: exchange_rates.backends.base 3890 139631240513280 Period val -0.004869816951282197726883317151
2019-07-25 16:59:41,823 DEBUG: exchange_rates.backends.base 3890 139631240513280 Period val +1: =0.9951301830487178022731166828
2019-07-25 16:59:41,823 DEBUG: exchange_rates.backends.base 3890 139631240513280 Comenzando con amount val 1115.119000
2019-07-25 16:59:41,823 DEBUG: exchange_rates.backends.base 3890 139631240513280 Rate val 1.114205
2019-07-25 16:59:41,823 DEBUG: exchange_rates.backends.base 3890 139631240513280 Day val 1114.205000
2019-07-25 16:59:41,823 DEBUG: exchange_rates.backends.base 3890 139631240513280 Period val -0.0008196434640607863376016371347
2019-07-25 16:59:41,823 DEBUG: exchange_rates.backends.base 3890 139631240513280 Period val +1: =0.9991803565359392136623983629
2019-07-25 16:59:41,823 DEBUG: exchange_rates.backends.base 3890 139631240513280 Comenzando con amount val 1114.205000
2019-07-25 16:59:41,823 DEBUG: exchange_rates.backends.base 3890 139631240513280 Rate val 1.112792
2019-07-25 16:59:41,823 DEBUG: exchange_rates.backends.base 3890 139631240513280 Day val 1112.792000
2019-07-25 16:59:41,823 DEBUG: exchange_rates.backends.base 3890 139631240513280 Period val -0.001268168784020893821154993919
2019-07-25 16:59:41,823 DEBUG: exchange_rates.backends.base 3890 139631240513280 Period val +1: =0.9987318312159791061788450061
2019-07-25 16:59:41,823 DEBUG: exchange_rates.backends.base 3890 139631240513280 result con -1: =0.112792000000000000000000000
2019-07-25 17:00:15,876 DEBUG: exchange_rates.backends.base 5438 140240931383040 Orig amount 1000
2019-07-25 17:00:15,876 DEBUG: exchange_rates.backends.base 5438 140240931383040 Comenzando con amount val 1000
2019-07-25 17:00:15,877 DEBUG: exchange_rates.backends.base 5438 140240931383040 Rate val 1.120576
2019-07-25 17:00:15,877 DEBUG: exchange_rates.backends.base 5438 140240931383040 Day val 1120.576000
2019-07-25 17:00:15,877 DEBUG: exchange_rates.backends.base 5438 140240931383040 Period val 0.120576
2019-07-25 17:00:15,877 DEBUG: exchange_rates.backends.base 5438 140240931383040 Period val +1: =1.120576
2019-07-25 17:00:15,877 DEBUG: exchange_rates.backends.base 5438 140240931383040 Comenzando con amount val 1120.576000
2019-07-25 17:00:15,877 DEBUG: exchange_rates.backends.base 5438 140240931383040 Rate val 1.115119
2019-07-25 17:00:15,877 DEBUG: exchange_rates.backends.base 5438 140240931383040 Day val 1115.119000
2019-07-25 17:00:15,877 DEBUG: exchange_rates.backends.base 5438 140240931383040 Period val -0.004869816951282197726883317151
2019-07-25 17:00:15,877 DEBUG: exchange_rates.backends.base 5438 140240931383040 Period val +1: =0.9951301830487178022731166828
2019-07-25 17:00:15,877 DEBUG: exchange_rates.backends.base 5438 140240931383040 Comenzando con amount val 1115.119000
2019-07-25 17:00:15,877 DEBUG: exchange_rates.backends.base 5438 140240931383040 Rate val 1.114205
2019-07-25 17:00:15,877 DEBUG: exchange_rates.backends.base 5438 140240931383040 Day val 1114.205000
2019-07-25 17:00:15,877 DEBUG: exchange_rates.backends.base 5438 140240931383040 Period val -0.0008196434640607863376016371347
2019-07-25 17:00:15,877 DEBUG: exchange_rates.backends.base 5438 140240931383040 Period val +1: =0.9991803565359392136623983629
2019-07-25 17:00:15,878 DEBUG: exchange_rates.backends.base 5438 140240931383040 Comenzando con amount val 1114.205000
2019-07-25 17:00:15,878 DEBUG: exchange_rates.backends.base 5438 140240931383040 Rate val 1.112792
2019-07-25 17:00:15,878 DEBUG: exchange_rates.backends.base 5438 140240931383040 Day val 1112.792000
2019-07-25 17:00:15,878 DEBUG: exchange_rates.backends.base 5438 140240931383040 Period val -0.001268168784020893821154993919
2019-07-25 17:00:15,878 DEBUG: exchange_rates.backends.base 5438 140240931383040 Period val +1: =0.9987318312159791061788450061
2019-07-25 17:00:15,878 DEBUG: exchange_rates.backends.base 5438 140240931383040 result con -1: =0.112792000000000000000000000
2019-07-25 17:00:57,964 DEBUG: exchange_rates.backends.base 5438 140240931383040 Orig amount 1000
2019-07-25 17:00:57,964 DEBUG: exchange_rates.backends.base 5438 140240931383040 Comenzando con amount val 1000
2019-07-25 17:00:57,964 DEBUG: exchange_rates.backends.base 5438 140240931383040 Rate val 1.017708
2019-07-25 17:00:57,964 DEBUG: exchange_rates.backends.base 5438 140240931383040 Day val 1017.708000
2019-07-25 17:00:57,965 DEBUG: exchange_rates.backends.base 5438 140240931383040 Period val 0.017708
2019-07-25 17:00:57,965 DEBUG: exchange_rates.backends.base 5438 140240931383040 Period val +1: =1.017708
2019-07-25 17:00:57,965 DEBUG: exchange_rates.backends.base 5438 140240931383040 Comenzando con amount val 1017.708000
2019-07-25 17:00:57,965 DEBUG: exchange_rates.backends.base 5438 140240931383040 Rate val 1.01478
2019-07-25 17:00:57,965 DEBUG: exchange_rates.backends.base 5438 140240931383040 Day val 1014.78000
2019-07-25 17:00:57,965 DEBUG: exchange_rates.backends.base 5438 140240931383040 Period val -0.002877053142944734639012368970
2019-07-25 17:00:57,965 DEBUG: exchange_rates.backends.base 5438 140240931383040 Period val +1: =0.9971229468570552653609876310
2019-07-25 17:00:57,966 DEBUG: exchange_rates.backends.base 5438 140240931383040 Comenzando con amount val 1014.78000
2019-07-25 17:00:57,966 DEBUG: exchange_rates.backends.base 5438 140240931383040 Rate val 1.015507
2019-07-25 17:00:57,966 DEBUG: exchange_rates.backends.base 5438 140240931383040 Day val 1015.507000
2019-07-25 17:00:57,966 DEBUG: exchange_rates.backends.base 5438 140240931383040 Period val 0.0007164114389325765190484637064
2019-07-25 17:00:57,966 DEBUG: exchange_rates.backends.base 5438 140240931383040 Period val +1: =1.000716411438932576519048464
2019-07-25 17:00:57,966 DEBUG: exchange_rates.backends.base 5438 140240931383040 Comenzando con amount val 1015.507000
2019-07-25 17:00:57,967 DEBUG: exchange_rates.backends.base 5438 140240931383040 Rate val 1.010376
2019-07-25 17:00:57,967 DEBUG: exchange_rates.backends.base 5438 140240931383040 Day val 1010.376000
2019-07-25 17:00:57,967 DEBUG: exchange_rates.backends.base 5438 140240931383040 Period val -0.005052648578493304329758435934
2019-07-25 17:00:57,967 DEBUG: exchange_rates.backends.base 5438 140240931383040 Period val +1: =0.9949473514215066956702415641
2019-07-25 17:00:57,968 DEBUG: exchange_rates.backends.base 5438 140240931383040 result con -1: =0.010376000000000000000000000
2019-07-25 17:01:23,686 DEBUG: exchange_rates.backends.base 5438 140240931383040 Orig amount 1000
2019-07-25 17:01:23,687 DEBUG: exchange_rates.backends.base 5438 140240931383040 Comenzando con amount val 1000
2019-07-25 17:01:23,687 DEBUG: exchange_rates.backends.base 5438 140240931383040 Rate val 0.815901
2019-07-25 17:01:23,687 DEBUG: exchange_rates.backends.base 5438 140240931383040 Day val 815.901000
2019-07-25 17:01:23,687 DEBUG: exchange_rates.backends.base 5438 140240931383040 Period val -0.184099
2019-07-25 17:01:23,687 DEBUG: exchange_rates.backends.base 5438 140240931383040 Period val +1: =0.815901
2019-07-25 17:01:23,688 DEBUG: exchange_rates.backends.base 5438 140240931383040 Comenzando con amount val 815.901000
2019-07-25 17:01:23,688 DEBUG: exchange_rates.backends.base 5438 140240931383040 Rate val 0.815868
2019-07-25 17:01:23,688 DEBUG: exchange_rates.backends.base 5438 140240931383040 Day val 815.868000
2019-07-25 17:01:23,688 DEBUG: exchange_rates.backends.base 5438 140240931383040 Period val -0.00004044608353219324403328344983
2019-07-25 17:01:23,688 DEBUG: exchange_rates.backends.base 5438 140240931383040 Period val +1: =0.9999595539164678067559667166
2019-07-25 17:01:23,688 DEBUG: exchange_rates.backends.base 5438 140240931383040 Comenzando con amount val 815.868000
2019-07-25 17:01:23,688 DEBUG: exchange_rates.backends.base 5438 140240931383040 Rate val 0.813447
2019-07-25 17:01:23,688 DEBUG: exchange_rates.backends.base 5438 140240931383040 Day val 813.447000
2019-07-25 17:01:23,689 DEBUG: exchange_rates.backends.base 5438 140240931383040 Period val -0.002967391783965053170365794467
2019-07-25 17:01:23,689 DEBUG: exchange_rates.backends.base 5438 140240931383040 Period val +1: =0.9970326082160349468296342055
2019-07-25 17:01:23,689 DEBUG: exchange_rates.backends.base 5438 140240931383040 Comenzando con amount val 813.447000
2019-07-25 17:01:23,689 DEBUG: exchange_rates.backends.base 5438 140240931383040 Rate val 0.812317
2019-07-25 17:01:23,689 DEBUG: exchange_rates.backends.base 5438 140240931383040 Day val 812.317000
2019-07-25 17:01:23,689 DEBUG: exchange_rates.backends.base 5438 140240931383040 Period val -0.001389150122872172372631529774
2019-07-25 17:01:23,689 DEBUG: exchange_rates.backends.base 5438 140240931383040 Period val +1: =0.9986108498771278276273684702
2019-07-25 17:01:23,689 DEBUG: exchange_rates.backends.base 5438 140240931383040 result con -1: =-0.1876830000000000000000000000
2019-07-25 17:01:23,815 DEBUG: exchange_rates.backends.base 5438 140240931383040 Orig amount 1000
2019-07-25 17:01:23,815 DEBUG: exchange_rates.backends.base 5438 140240931383040 Comenzando con amount val 1000
2019-07-25 17:01:23,815 DEBUG: exchange_rates.backends.base 5438 140240931383040 Rate val 0.815901
2019-07-25 17:01:23,815 DEBUG: exchange_rates.backends.base 5438 140240931383040 Day val 815.901000
2019-07-25 17:01:23,816 DEBUG: exchange_rates.backends.base 5438 140240931383040 Period val -0.184099
2019-07-25 17:01:23,816 DEBUG: exchange_rates.backends.base 5438 140240931383040 Period val +1: =0.815901
2019-07-25 17:01:23,816 DEBUG: exchange_rates.backends.base 5438 140240931383040 Comenzando con amount val 815.901000
2019-07-25 17:01:23,816 DEBUG: exchange_rates.backends.base 5438 140240931383040 Rate val 0.815868
2019-07-25 17:01:23,816 DEBUG: exchange_rates.backends.base 5438 140240931383040 Day val 815.868000
2019-07-25 17:01:23,816 DEBUG: exchange_rates.backends.base 5438 140240931383040 Period val -0.00004044608353219324403328344983
2019-07-25 17:01:23,816 DEBUG: exchange_rates.backends.base 5438 140240931383040 Period val +1: =0.9999595539164678067559667166
2019-07-25 17:01:23,816 DEBUG: exchange_rates.backends.base 5438 140240931383040 Comenzando con amount val 815.868000
2019-07-25 17:01:23,816 DEBUG: exchange_rates.backends.base 5438 140240931383040 Rate val 0.813447
2019-07-25 17:01:23,816 DEBUG: exchange_rates.backends.base 5438 140240931383040 Day val 813.447000
2019-07-25 17:01:23,816 DEBUG: exchange_rates.backends.base 5438 140240931383040 Period val -0.002967391783965053170365794467
2019-07-25 17:01:23,816 DEBUG: exchange_rates.backends.base 5438 140240931383040 Period val +1: =0.9970326082160349468296342055
2019-07-25 17:01:23,816 DEBUG: exchange_rates.backends.base 5438 140240931383040 Comenzando con amount val 813.447000
2019-07-25 17:01:23,816 DEBUG: exchange_rates.backends.base 5438 140240931383040 Rate val 0.812317
2019-07-25 17:01:23,816 DEBUG: exchange_rates.backends.base 5438 140240931383040 Day val 812.317000
2019-07-25 17:01:23,817 DEBUG: exchange_rates.backends.base 5438 140240931383040 Period val -0.001389150122872172372631529774
2019-07-25 17:01:23,817 DEBUG: exchange_rates.backends.base 5438 140240931383040 Period val +1: =0.9986108498771278276273684702
2019-07-25 17:01:23,817 DEBUG: exchange_rates.backends.base 5438 140240931383040 result con -1: =-0.1876830000000000000000000000
2019-07-25 17:02:54,826 DEBUG: exchange_rates.backends.base 5438 140240931383040 Orig amount 1000
2019-07-25 17:02:54,826 DEBUG: exchange_rates.backends.base 5438 140240931383040 Comenzando con amount val 1000
2019-07-25 17:02:54,826 DEBUG: exchange_rates.backends.base 5438 140240931383040 Rate val 0.815901
2019-07-25 17:02:54,826 DEBUG: exchange_rates.backends.base 5438 140240931383040 Day val 815.901000
2019-07-25 17:02:54,826 DEBUG: exchange_rates.backends.base 5438 140240931383040 Period val -0.184099
2019-07-25 17:02:54,826 DEBUG: exchange_rates.backends.base 5438 140240931383040 Period val +1: =0.815901
2019-07-25 17:02:54,826 DEBUG: exchange_rates.backends.base 5438 140240931383040 Comenzando con amount val 815.901000
2019-07-25 17:02:54,826 DEBUG: exchange_rates.backends.base 5438 140240931383040 Rate val 0.815868
2019-07-25 17:02:54,826 DEBUG: exchange_rates.backends.base 5438 140240931383040 Day val 815.868000
2019-07-25 17:02:54,826 DEBUG: exchange_rates.backends.base 5438 140240931383040 Period val -0.00004044608353219324403328344983
2019-07-25 17:02:54,827 DEBUG: exchange_rates.backends.base 5438 140240931383040 Period val +1: =0.9999595539164678067559667166
2019-07-25 17:02:54,827 DEBUG: exchange_rates.backends.base 5438 140240931383040 Comenzando con amount val 815.868000
2019-07-25 17:02:54,827 DEBUG: exchange_rates.backends.base 5438 140240931383040 Rate val 0.813447
2019-07-25 17:02:54,827 DEBUG: exchange_rates.backends.base 5438 140240931383040 Day val 813.447000
2019-07-25 17:02:54,827 DEBUG: exchange_rates.backends.base 5438 140240931383040 Period val -0.002967391783965053170365794467
2019-07-25 17:02:54,827 DEBUG: exchange_rates.backends.base 5438 140240931383040 Period val +1: =0.9970326082160349468296342055
2019-07-25 17:02:54,827 DEBUG: exchange_rates.backends.base 5438 140240931383040 Comenzando con amount val 813.447000
2019-07-25 17:02:54,827 DEBUG: exchange_rates.backends.base 5438 140240931383040 Rate val 0.812317
2019-07-25 17:02:54,827 DEBUG: exchange_rates.backends.base 5438 140240931383040 Day val 812.317000
2019-07-25 17:02:54,827 DEBUG: exchange_rates.backends.base 5438 140240931383040 Period val -0.001389150122872172372631529774
2019-07-25 17:02:54,827 DEBUG: exchange_rates.backends.base 5438 140240931383040 Period val +1: =0.9986108498771278276273684702
2019-07-25 17:02:54,827 DEBUG: exchange_rates.backends.base 5438 140240931383040 result con -1: =-0.1876830000000000000000000000
2019-07-25 17:03:16,015 DEBUG: exchange_rates.backends.base 9468 140615545706240 Orig amount 1000
2019-07-25 17:03:16,015 DEBUG: exchange_rates.backends.base 9468 140615545706240 Comenzando con amount val 1000
2019-07-25 17:03:16,015 DEBUG: exchange_rates.backends.base 9468 140615545706240 Rate val 0.815901
2019-07-25 17:03:16,015 DEBUG: exchange_rates.backends.base 9468 140615545706240 Day val 815.901000
2019-07-25 17:03:16,015 DEBUG: exchange_rates.backends.base 9468 140615545706240 Period val -0.184099
2019-07-25 17:03:16,015 DEBUG: exchange_rates.backends.base 9468 140615545706240 Period val +1: =0.815901
2019-07-25 17:03:16,016 DEBUG: exchange_rates.backends.base 9468 140615545706240 Comenzando con amount val 815.901000
2019-07-25 17:03:16,016 DEBUG: exchange_rates.backends.base 9468 140615545706240 Rate val 0.815868
2019-07-25 17:03:16,016 DEBUG: exchange_rates.backends.base 9468 140615545706240 Day val 815.868000
2019-07-25 17:03:16,016 DEBUG: exchange_rates.backends.base 9468 140615545706240 Period val -0.00004044608353219324403328344983
2019-07-25 17:03:16,016 DEBUG: exchange_rates.backends.base 9468 140615545706240 Period val +1: =0.9999595539164678067559667166
2019-07-25 17:03:16,016 DEBUG: exchange_rates.backends.base 9468 140615545706240 Comenzando con amount val 815.868000
2019-07-25 17:03:16,016 DEBUG: exchange_rates.backends.base 9468 140615545706240 Rate val 0.813447
2019-07-25 17:03:16,016 DEBUG: exchange_rates.backends.base 9468 140615545706240 Day val 813.447000
2019-07-25 17:03:16,016 DEBUG: exchange_rates.backends.base 9468 140615545706240 Period val -0.002967391783965053170365794467
2019-07-25 17:03:16,016 DEBUG: exchange_rates.backends.base 9468 140615545706240 Period val +1: =0.9970326082160349468296342055
2019-07-25 17:03:16,016 DEBUG: exchange_rates.backends.base 9468 140615545706240 Comenzando con amount val 813.447000
2019-07-25 17:03:16,016 DEBUG: exchange_rates.backends.base 9468 140615545706240 Rate val 0.812317
2019-07-25 17:03:16,016 DEBUG: exchange_rates.backends.base 9468 140615545706240 Day val 812.317000
2019-07-25 17:03:16,017 DEBUG: exchange_rates.backends.base 9468 140615545706240 Period val -0.001389150122872172372631529774
2019-07-25 17:03:16,017 DEBUG: exchange_rates.backends.base 9468 140615545706240 Period val +1: =0.9986108498771278276273684702
2019-07-25 17:03:16,017 DEBUG: exchange_rates.backends.base 9468 140615545706240 result con -1: =-0.1876830000000000000000000000
2019-07-25 17:03:23,650 DEBUG: exchange_rates.backends.base 9510 140065605097216 Orig amount 1000
2019-07-25 17:03:23,650 DEBUG: exchange_rates.backends.base 9510 140065605097216 Comenzando con amount val 1000
2019-07-25 17:03:23,650 DEBUG: exchange_rates.backends.base 9510 140065605097216 Rate val 0.815901
2019-07-25 17:03:23,651 DEBUG: exchange_rates.backends.base 9510 140065605097216 Day val 815.901000
2019-07-25 17:03:23,651 DEBUG: exchange_rates.backends.base 9510 140065605097216 Period val -0.184099
2019-07-25 17:03:23,651 DEBUG: exchange_rates.backends.base 9510 140065605097216 Period val +1: =0.815901
2019-07-25 17:03:23,651 DEBUG: exchange_rates.backends.base 9510 140065605097216 Comenzando con amount val 815.901000
2019-07-25 17:03:23,651 DEBUG: exchange_rates.backends.base 9510 140065605097216 Rate val 0.815868
2019-07-25 17:03:23,651 DEBUG: exchange_rates.backends.base 9510 140065605097216 Day val 815.868000
2019-07-25 17:03:23,651 DEBUG: exchange_rates.backends.base 9510 140065605097216 Period val -0.00004044608353219324403328344983
2019-07-25 17:03:23,651 DEBUG: exchange_rates.backends.base 9510 140065605097216 Period val +1: =0.9999595539164678067559667166
2019-07-25 17:03:23,651 DEBUG: exchange_rates.backends.base 9510 140065605097216 Comenzando con amount val 815.868000
2019-07-25 17:03:23,651 DEBUG: exchange_rates.backends.base 9510 140065605097216 Rate val 0.813447
2019-07-25 17:03:23,651 DEBUG: exchange_rates.backends.base 9510 140065605097216 Day val 813.447000
2019-07-25 17:03:23,651 DEBUG: exchange_rates.backends.base 9510 140065605097216 Period val -0.002967391783965053170365794467
2019-07-25 17:03:23,651 DEBUG: exchange_rates.backends.base 9510 140065605097216 Period val +1: =0.9970326082160349468296342055
2019-07-25 17:03:23,651 DEBUG: exchange_rates.backends.base 9510 140065605097216 Comenzando con amount val 813.447000
2019-07-25 17:03:23,651 DEBUG: exchange_rates.backends.base 9510 140065605097216 Rate val 0.812317
2019-07-25 17:03:23,652 DEBUG: exchange_rates.backends.base 9510 140065605097216 Day val 812.317000
2019-07-25 17:03:23,652 DEBUG: exchange_rates.backends.base 9510 140065605097216 Period val -0.001389150122872172372631529774
2019-07-25 17:03:23,652 DEBUG: exchange_rates.backends.base 9510 140065605097216 Period val +1: =0.9986108498771278276273684702
2019-07-25 17:03:23,652 DEBUG: exchange_rates.backends.base 9510 140065605097216 result con -1: =-0.1876830000000000000000000000
2019-07-25 17:03:24,425 DEBUG: exchange_rates.backends.base 9510 140065605097216 Orig amount 1000
2019-07-25 17:03:24,425 DEBUG: exchange_rates.backends.base 9510 140065605097216 Comenzando con amount val 1000
2019-07-25 17:03:24,425 DEBUG: exchange_rates.backends.base 9510 140065605097216 Rate val 0.815901
2019-07-25 17:03:24,425 DEBUG: exchange_rates.backends.base 9510 140065605097216 Day val 815.901000
2019-07-25 17:03:24,425 DEBUG: exchange_rates.backends.base 9510 140065605097216 Period val -0.184099
2019-07-25 17:03:24,425 DEBUG: exchange_rates.backends.base 9510 140065605097216 Period val +1: =0.815901
2019-07-25 17:03:24,425 DEBUG: exchange_rates.backends.base 9510 140065605097216 Comenzando con amount val 815.901000
2019-07-25 17:03:24,425 DEBUG: exchange_rates.backends.base 9510 140065605097216 Rate val 0.815868
2019-07-25 17:03:24,425 DEBUG: exchange_rates.backends.base 9510 140065605097216 Day val 815.868000
2019-07-25 17:03:24,425 DEBUG: exchange_rates.backends.base 9510 140065605097216 Period val -0.00004044608353219324403328344983
2019-07-25 17:03:24,425 DEBUG: exchange_rates.backends.base 9510 140065605097216 Period val +1: =0.9999595539164678067559667166
2019-07-25 17:03:24,425 DEBUG: exchange_rates.backends.base 9510 140065605097216 Comenzando con amount val 815.868000
2019-07-25 17:03:24,425 DEBUG: exchange_rates.backends.base 9510 140065605097216 Rate val 0.813447
2019-07-25 17:03:24,425 DEBUG: exchange_rates.backends.base 9510 140065605097216 Day val 813.447000
2019-07-25 17:03:24,426 DEBUG: exchange_rates.backends.base 9510 140065605097216 Period val -0.002967391783965053170365794467
2019-07-25 17:03:24,426 DEBUG: exchange_rates.backends.base 9510 140065605097216 Period val +1: =0.9970326082160349468296342055
2019-07-25 17:03:24,426 DEBUG: exchange_rates.backends.base 9510 140065605097216 Comenzando con amount val 813.447000
2019-07-25 17:03:24,426 DEBUG: exchange_rates.backends.base 9510 140065605097216 Rate val 0.812317
2019-07-25 17:03:24,426 DEBUG: exchange_rates.backends.base 9510 140065605097216 Day val 812.317000
2019-07-25 17:03:24,426 DEBUG: exchange_rates.backends.base 9510 140065605097216 Period val -0.001389150122872172372631529774
2019-07-25 17:03:24,426 DEBUG: exchange_rates.backends.base 9510 140065605097216 Period val +1: =0.9986108498771278276273684702
2019-07-25 17:03:24,426 DEBUG: exchange_rates.backends.base 9510 140065605097216 result con -1: =-0.1876830000000000000000000000
2019-07-25 17:03:41,405 DEBUG: exchange_rates.backends.base 9510 140065605097216 Orig amount 1000
2019-07-25 17:03:41,405 DEBUG: exchange_rates.backends.base 9510 140065605097216 Comenzando con amount val 1000
2019-07-25 17:03:41,406 DEBUG: exchange_rates.backends.base 9510 140065605097216 Rate val 0.892398
2019-07-25 17:03:41,406 DEBUG: exchange_rates.backends.base 9510 140065605097216 Day val 892.398000
2019-07-25 17:03:41,406 DEBUG: exchange_rates.backends.base 9510 140065605097216 Period val -0.107602
2019-07-25 17:03:41,406 DEBUG: exchange_rates.backends.base 9510 140065605097216 Period val +1: =0.892398
2019-07-25 17:03:41,407 DEBUG: exchange_rates.backends.base 9510 140065605097216 Comenzando con amount val 892.398000
2019-07-25 17:03:41,407 DEBUG: exchange_rates.backends.base 9510 140065605097216 Rate val 0.896765
2019-07-25 17:03:41,407 DEBUG: exchange_rates.backends.base 9510 140065605097216 Day val 896.765000
2019-07-25 17:03:41,407 DEBUG: exchange_rates.backends.base 9510 140065605097216 Period val 0.004893556462475263279388792893
2019-07-25 17:03:41,408 DEBUG: exchange_rates.backends.base 9510 140065605097216 Period val +1: =1.004893556462475263279388793
2019-07-25 17:03:41,408 DEBUG: exchange_rates.backends.base 9510 140065605097216 Comenzando con amount val 896.765000
2019-07-25 17:03:41,408 DEBUG: exchange_rates.backends.base 9510 140065605097216 Rate val 0.897501
2019-07-25 17:03:41,408 DEBUG: exchange_rates.backends.base 9510 140065605097216 Day val 897.501000
2019-07-25 17:03:41,409 DEBUG: exchange_rates.backends.base 9510 140065605097216 Period val 0.0008207278383969044286964812409
2019-07-25 17:03:41,409 DEBUG: exchange_rates.backends.base 9510 140065605097216 Period val +1: =1.000820727838396904428696481
2019-07-25 17:03:41,409 DEBUG: exchange_rates.backends.base 9510 140065605097216 Comenzando con amount val 897.501000
2019-07-25 17:03:41,409 DEBUG: exchange_rates.backends.base 9510 140065605097216 Rate val 0.89621
2019-07-25 17:03:41,410 DEBUG: exchange_rates.backends.base 9510 140065605097216 Day val 896.21000
2019-07-25 17:03:41,410 DEBUG: exchange_rates.backends.base 9510 140065605097216 Period val -0.001438438508703611472299195210
2019-07-25 17:03:41,410 DEBUG: exchange_rates.backends.base 9510 140065605097216 Period val +1: =0.9985615614912963885277008048
2019-07-25 17:03:41,410 DEBUG: exchange_rates.backends.base 9510 140065605097216 result con -1: =-0.1037900000000000000000000001
2019-07-25 17:03:50,049 DEBUG: exchange_rates.backends.base 9989 139630207543040 Orig amount 1000
2019-07-25 17:03:50,049 DEBUG: exchange_rates.backends.base 9989 139630207543040 Comenzando con amount val 1000
2019-07-25 17:03:50,049 DEBUG: exchange_rates.backends.base 9989 139630207543040 Rate val 0.892398
2019-07-25 17:03:50,049 DEBUG: exchange_rates.backends.base 9989 139630207543040 Day val 892.398000
2019-07-25 17:03:50,049 DEBUG: exchange_rates.backends.base 9989 139630207543040 Period val -0.107602
2019-07-25 17:03:50,050 DEBUG: exchange_rates.backends.base 9989 139630207543040 Period val +1: =0.892398
2019-07-25 17:03:50,050 DEBUG: exchange_rates.backends.base 9989 139630207543040 Comenzando con amount val 892.398000
2019-07-25 17:03:50,050 DEBUG: exchange_rates.backends.base 9989 139630207543040 Rate val 0.896765
2019-07-25 17:03:50,050 DEBUG: exchange_rates.backends.base 9989 139630207543040 Day val 896.765000
2019-07-25 17:03:50,050 DEBUG: exchange_rates.backends.base 9989 139630207543040 Period val 0.004893556462475263279388792893
2019-07-25 17:03:50,050 DEBUG: exchange_rates.backends.base 9989 139630207543040 Period val +1: =1.004893556462475263279388793
2019-07-25 17:03:50,050 DEBUG: exchange_rates.backends.base 9989 139630207543040 Comenzando con amount val 896.765000
2019-07-25 17:03:50,050 DEBUG: exchange_rates.backends.base 9989 139630207543040 Rate val 0.897501
2019-07-25 17:03:50,050 DEBUG: exchange_rates.backends.base 9989 139630207543040 Day val 897.501000
2019-07-25 17:03:50,050 DEBUG: exchange_rates.backends.base 9989 139630207543040 Period val 0.0008207278383969044286964812409
2019-07-25 17:03:50,050 DEBUG: exchange_rates.backends.base 9989 139630207543040 Period val +1: =1.000820727838396904428696481
2019-07-25 17:03:50,050 DEBUG: exchange_rates.backends.base 9989 139630207543040 Comenzando con amount val 897.501000
2019-07-25 17:03:50,050 DEBUG: exchange_rates.backends.base 9989 139630207543040 Rate val 0.896210
2019-07-25 17:03:50,050 DEBUG: exchange_rates.backends.base 9989 139630207543040 Day val 896.210000
2019-07-25 17:03:50,050 DEBUG: exchange_rates.backends.base 9989 139630207543040 Period val -0.001438438508703611472299195210
2019-07-25 17:03:50,050 DEBUG: exchange_rates.backends.base 9989 139630207543040 Period val +1: =0.9985615614912963885277008048
2019-07-25 17:03:50,050 DEBUG: exchange_rates.backends.base 9989 139630207543040 result con -1: =-0.1037900000000000000000000001
2019-07-25 17:04:00,471 DEBUG: exchange_rates.backends.base 9989 139630207543040 Orig amount 10000
2019-07-25 17:04:00,471 DEBUG: exchange_rates.backends.base 9989 139630207543040 Comenzando con amount val 10000
2019-07-25 17:04:00,471 DEBUG: exchange_rates.backends.base 9989 139630207543040 Rate val 0.892398
2019-07-25 17:04:00,471 DEBUG: exchange_rates.backends.base 9989 139630207543040 Day val 8923.980000
2019-07-25 17:04:00,471 DEBUG: exchange_rates.backends.base 9989 139630207543040 Period val -0.107602
2019-07-25 17:04:00,471 DEBUG: exchange_rates.backends.base 9989 139630207543040 Period val +1: =0.892398
2019-07-25 17:04:00,471 DEBUG: exchange_rates.backends.base 9989 139630207543040 Comenzando con amount val 8923.980000
2019-07-25 17:04:00,471 DEBUG: exchange_rates.backends.base 9989 139630207543040 Rate val 0.896765
2019-07-25 17:04:00,471 DEBUG: exchange_rates.backends.base 9989 139630207543040 Day val 8967.650000
2019-07-25 17:04:00,471 DEBUG: exchange_rates.backends.base 9989 139630207543040 Period val 0.004893556462475263279388792893
2019-07-25 17:04:00,471 DEBUG: exchange_rates.backends.base 9989 139630207543040 Period val +1: =1.004893556462475263279388793
2019-07-25 17:04:00,471 DEBUG: exchange_rates.backends.base 9989 139630207543040 Comenzando con amount val 8967.650000
2019-07-25 17:04:00,472 DEBUG: exchange_rates.backends.base 9989 139630207543040 Rate val 0.897501
2019-07-25 17:04:00,472 DEBUG: exchange_rates.backends.base 9989 139630207543040 Day val 8975.010000
2019-07-25 17:04:00,472 DEBUG: exchange_rates.backends.base 9989 139630207543040 Period val 0.0008207278383969044286964812409
2019-07-25 17:04:00,472 DEBUG: exchange_rates.backends.base 9989 139630207543040 Period val +1: =1.000820727838396904428696481
2019-07-25 17:04:00,472 DEBUG: exchange_rates.backends.base 9989 139630207543040 Comenzando con amount val 8975.010000
2019-07-25 17:04:00,472 DEBUG: exchange_rates.backends.base 9989 139630207543040 Rate val 0.896210
2019-07-25 17:04:00,472 DEBUG: exchange_rates.backends.base 9989 139630207543040 Day val 8962.100000
2019-07-25 17:04:00,472 DEBUG: exchange_rates.backends.base 9989 139630207543040 Period val -0.001438438508703611472299195210
2019-07-25 17:04:00,472 DEBUG: exchange_rates.backends.base 9989 139630207543040 Period val +1: =0.9985615614912963885277008048
2019-07-25 17:04:00,472 DEBUG: exchange_rates.backends.base 9989 139630207543040 result con -1: =-0.1037900000000000000000000001
2019-07-25 17:04:22,264 DEBUG: exchange_rates.backends.base 10865 140106223318784 Orig amount 10000
2019-07-25 17:04:22,265 DEBUG: exchange_rates.backends.base 10865 140106223318784 Comenzando con amount val 10000
2019-07-25 17:04:22,265 DEBUG: exchange_rates.backends.base 10865 140106223318784 Rate val 0.892398
2019-07-25 17:04:22,265 DEBUG: exchange_rates.backends.base 10865 140106223318784 Day val 8923.980000
2019-07-25 17:04:22,265 DEBUG: exchange_rates.backends.base 10865 140106223318784 Period val -0.107602
2019-07-25 17:04:22,265 DEBUG: exchange_rates.backends.base 10865 140106223318784 Period val +1: =0.892398
2019-07-25 17:04:22,265 DEBUG: exchange_rates.backends.base 10865 140106223318784 Comenzando con amount val 8923.980000
2019-07-25 17:04:22,265 DEBUG: exchange_rates.backends.base 10865 140106223318784 Rate val 0.896765
2019-07-25 17:04:22,265 DEBUG: exchange_rates.backends.base 10865 140106223318784 Day val 8967.650000
2019-07-25 17:04:22,265 DEBUG: exchange_rates.backends.base 10865 140106223318784 Period val 0.004893556462475263279388792893
2019-07-25 17:04:22,265 DEBUG: exchange_rates.backends.base 10865 140106223318784 Period val +1: =1.004893556462475263279388793
2019-07-25 17:04:22,265 DEBUG: exchange_rates.backends.base 10865 140106223318784 Comenzando con amount val 8967.650000
2019-07-25 17:04:22,266 DEBUG: exchange_rates.backends.base 10865 140106223318784 Rate val 0.897501
2019-07-25 17:04:22,266 DEBUG: exchange_rates.backends.base 10865 140106223318784 Day val 8975.010000
2019-07-25 17:04:22,266 DEBUG: exchange_rates.backends.base 10865 140106223318784 Period val 0.0008207278383969044286964812409
2019-07-25 17:04:22,266 DEBUG: exchange_rates.backends.base 10865 140106223318784 Period val +1: =1.000820727838396904428696481
2019-07-25 17:04:22,266 DEBUG: exchange_rates.backends.base 10865 140106223318784 Comenzando con amount val 8975.010000
2019-07-25 17:04:22,266 DEBUG: exchange_rates.backends.base 10865 140106223318784 Rate val 0.896210
2019-07-25 17:04:22,266 DEBUG: exchange_rates.backends.base 10865 140106223318784 Day val 8962.100000
2019-07-25 17:04:22,266 DEBUG: exchange_rates.backends.base 10865 140106223318784 Period val -0.001438438508703611472299195210
2019-07-25 17:04:22,266 DEBUG: exchange_rates.backends.base 10865 140106223318784 Period val +1: =0.9985615614912963885277008048
2019-07-25 17:04:22,266 DEBUG: exchange_rates.backends.base 10865 140106223318784 result con -1: =-0.1037900000000000000000000001
2019-07-25 17:04:35,109 DEBUG: exchange_rates.backends.base 11313 139973807298304 Orig amount 10000
2019-07-25 17:04:35,110 DEBUG: exchange_rates.backends.base 11313 139973807298304 Comenzando con amount val 10000
2019-07-25 17:04:35,110 DEBUG: exchange_rates.backends.base 11313 139973807298304 Rate val 0.892398
2019-07-25 17:04:35,110 DEBUG: exchange_rates.backends.base 11313 139973807298304 Day val 8923.980000
2019-07-25 17:04:35,110 DEBUG: exchange_rates.backends.base 11313 139973807298304 Period val -0.107602
2019-07-25 17:04:35,110 DEBUG: exchange_rates.backends.base 11313 139973807298304 Period val +1: =0.892398
2019-07-25 17:04:35,110 DEBUG: exchange_rates.backends.base 11313 139973807298304 Comenzando con amount val 8923.980000
2019-07-25 17:04:35,110 DEBUG: exchange_rates.backends.base 11313 139973807298304 Rate val 0.896765
2019-07-25 17:04:35,110 DEBUG: exchange_rates.backends.base 11313 139973807298304 Day val 8967.650000
2019-07-25 17:04:35,110 DEBUG: exchange_rates.backends.base 11313 139973807298304 Period val 0.004893556462475263279388792893
2019-07-25 17:04:35,110 DEBUG: exchange_rates.backends.base 11313 139973807298304 Period val +1: =1.004893556462475263279388793
2019-07-25 17:04:35,110 DEBUG: exchange_rates.backends.base 11313 139973807298304 Comenzando con amount val 8967.650000
2019-07-25 17:04:35,110 DEBUG: exchange_rates.backends.base 11313 139973807298304 Rate val 0.897501
2019-07-25 17:04:35,110 DEBUG: exchange_rates.backends.base 11313 139973807298304 Day val 8975.010000
2019-07-25 17:04:35,110 DEBUG: exchange_rates.backends.base 11313 139973807298304 Period val 0.0008207278383969044286964812409
2019-07-25 17:04:35,110 DEBUG: exchange_rates.backends.base 11313 139973807298304 Period val +1: =1.000820727838396904428696481
2019-07-25 17:04:35,110 DEBUG: exchange_rates.backends.base 11313 139973807298304 Comenzando con amount val 8975.010000
2019-07-25 17:04:35,110 DEBUG: exchange_rates.backends.base 11313 139973807298304 Rate val 0.896210
2019-07-25 17:04:35,111 DEBUG: exchange_rates.backends.base 11313 139973807298304 Day val 8962.100000
2019-07-25 17:04:35,111 DEBUG: exchange_rates.backends.base 11313 139973807298304 Period val -0.001438438508703611472299195210
2019-07-25 17:04:35,111 DEBUG: exchange_rates.backends.base 11313 139973807298304 Period val +1: =0.9985615614912963885277008048
2019-07-25 17:04:35,111 DEBUG: exchange_rates.backends.base 11313 139973807298304 result con -1: =-0.1037900000000000000000000001
2019-07-25 17:05:24,461 DEBUG: exchange_rates.backends.base 12217 139783173596928 Orig amount 1000
2019-07-25 17:05:24,462 DEBUG: exchange_rates.backends.base 12217 139783173596928 Comenzando con amount val 1000
2019-07-25 17:05:24,462 DEBUG: exchange_rates.backends.base 12217 139783173596928 Rate val 0.892398
2019-07-25 17:05:24,462 DEBUG: exchange_rates.backends.base 12217 139783173596928 Day val 892.398000
2019-07-25 17:05:24,462 DEBUG: exchange_rates.backends.base 12217 139783173596928 Period val -0.107602
2019-07-25 17:05:24,462 DEBUG: exchange_rates.backends.base 12217 139783173596928 Period val +1: =0.892398
2019-07-25 17:05:24,462 DEBUG: exchange_rates.backends.base 12217 139783173596928 Comenzando con amount val 892.398000
2019-07-25 17:05:24,462 DEBUG: exchange_rates.backends.base 12217 139783173596928 Rate val 0.896765
2019-07-25 17:05:24,462 DEBUG: exchange_rates.backends.base 12217 139783173596928 Day val 896.765000
2019-07-25 17:05:24,462 DEBUG: exchange_rates.backends.base 12217 139783173596928 Period val 0.004893556462475263279388792893
2019-07-25 17:05:24,462 DEBUG: exchange_rates.backends.base 12217 139783173596928 Period val +1: =1.004893556462475263279388793
2019-07-25 17:05:24,462 DEBUG: exchange_rates.backends.base 12217 139783173596928 Comenzando con amount val 896.765000
2019-07-25 17:05:24,462 DEBUG: exchange_rates.backends.base 12217 139783173596928 Rate val 0.897501
2019-07-25 17:05:24,462 DEBUG: exchange_rates.backends.base 12217 139783173596928 Day val 897.501000
2019-07-25 17:05:24,462 DEBUG: exchange_rates.backends.base 12217 139783173596928 Period val 0.0008207278383969044286964812409
2019-07-25 17:05:24,462 DEBUG: exchange_rates.backends.base 12217 139783173596928 Period val +1: =1.000820727838396904428696481
2019-07-25 17:05:24,462 DEBUG: exchange_rates.backends.base 12217 139783173596928 Comenzando con amount val 897.501000
2019-07-25 17:05:24,462 DEBUG: exchange_rates.backends.base 12217 139783173596928 Rate val 0.896210
2019-07-25 17:05:24,462 DEBUG: exchange_rates.backends.base 12217 139783173596928 Day val 896.210000
2019-07-25 17:05:24,462 DEBUG: exchange_rates.backends.base 12217 139783173596928 Period val -0.001438438508703611472299195210
2019-07-25 17:05:24,462 DEBUG: exchange_rates.backends.base 12217 139783173596928 Period val +1: =0.9985615614912963885277008048
2019-07-25 17:05:24,462 DEBUG: exchange_rates.backends.base 12217 139783173596928 result con -1: =-0.1037900000000000000000000001
2019-07-25 17:07:07,977 DEBUG: exchange_rates.backends.base 14567 140015408465664 Orig amount 1000
2019-07-25 17:07:07,977 DEBUG: exchange_rates.backends.base 14567 140015408465664 Comenzando con amount val 1000
2019-07-25 17:07:07,977 DEBUG: exchange_rates.backends.base 14567 140015408465664 Rate val 0.892398
2019-07-25 17:07:07,977 DEBUG: exchange_rates.backends.base 14567 140015408465664 Day val 892.398000
2019-07-25 17:07:07,977 DEBUG: exchange_rates.backends.base 14567 140015408465664 Period val -0.107602
2019-07-25 17:07:07,977 DEBUG: exchange_rates.backends.base 14567 140015408465664 Period val +1: =0.892398
2019-07-25 17:07:07,977 DEBUG: exchange_rates.backends.base 14567 140015408465664 Comenzando con amount val 892.398000
2019-07-25 17:07:07,977 DEBUG: exchange_rates.backends.base 14567 140015408465664 Rate val 0.896765
2019-07-25 17:07:07,978 DEBUG: exchange_rates.backends.base 14567 140015408465664 Day val 896.765000
2019-07-25 17:07:07,978 DEBUG: exchange_rates.backends.base 14567 140015408465664 Period val 0.004893556462475263279388792893
2019-07-25 17:07:07,978 DEBUG: exchange_rates.backends.base 14567 140015408465664 Period val +1: =1.004893556462475263279388793
2019-07-25 17:07:07,978 DEBUG: exchange_rates.backends.base 14567 140015408465664 Comenzando con amount val 896.765000
2019-07-25 17:07:07,978 DEBUG: exchange_rates.backends.base 14567 140015408465664 Rate val 0.897501
2019-07-25 17:07:07,978 DEBUG: exchange_rates.backends.base 14567 140015408465664 Day val 897.501000
2019-07-25 17:07:07,978 DEBUG: exchange_rates.backends.base 14567 140015408465664 Period val 0.0008207278383969044286964812409
2019-07-25 17:07:07,978 DEBUG: exchange_rates.backends.base 14567 140015408465664 Period val +1: =1.000820727838396904428696481
2019-07-25 17:07:07,978 DEBUG: exchange_rates.backends.base 14567 140015408465664 Comenzando con amount val 897.501000
2019-07-25 17:07:07,978 DEBUG: exchange_rates.backends.base 14567 140015408465664 Rate val 0.896210
2019-07-25 17:07:07,978 DEBUG: exchange_rates.backends.base 14567 140015408465664 Day val 896.210000
2019-07-25 17:07:07,978 DEBUG: exchange_rates.backends.base 14567 140015408465664 Period val -0.001438438508703611472299195210
2019-07-25 17:07:07,978 DEBUG: exchange_rates.backends.base 14567 140015408465664 Period val +1: =0.9985615614912963885277008048
2019-07-25 17:07:07,978 DEBUG: exchange_rates.backends.base 14567 140015408465664 result con -1: =-0.1037900000000000000000000001
2019-07-25 17:07:07,978 DEBUG: exchange_rates.backends.base 14567 140015408465664 Resultado suponiendo un periodo en vez de cada dia: -0.103790
2019-07-25 17:07:43,161 DEBUG: exchange_rates.backends.base 14567 140015408465664 Orig amount 1000
2019-07-25 17:07:43,161 DEBUG: exchange_rates.backends.base 14567 140015408465664 Comenzando con amount val 1000
2019-07-25 17:07:43,161 DEBUG: exchange_rates.backends.base 14567 140015408465664 Rate val 0.896765
2019-07-25 17:07:43,161 DEBUG: exchange_rates.backends.base 14567 140015408465664 Day val 896.765000
2019-07-25 17:07:43,161 DEBUG: exchange_rates.backends.base 14567 140015408465664 Period val -0.103235
2019-07-25 17:07:43,161 DEBUG: exchange_rates.backends.base 14567 140015408465664 Period val +1: =0.896765
2019-07-25 17:07:43,161 DEBUG: exchange_rates.backends.base 14567 140015408465664 Comenzando con amount val 896.765000
2019-07-25 17:07:43,161 DEBUG: exchange_rates.backends.base 14567 140015408465664 Rate val 0.897501
2019-07-25 17:07:43,161 DEBUG: exchange_rates.backends.base 14567 140015408465664 Day val 897.501000
2019-07-25 17:07:43,161 DEBUG: exchange_rates.backends.base 14567 140015408465664 Period val 0.0008207278383969044286964812409
2019-07-25 17:07:43,161 DEBUG: exchange_rates.backends.base 14567 140015408465664 Period val +1: =1.000820727838396904428696481
2019-07-25 17:07:43,161 DEBUG: exchange_rates.backends.base 14567 140015408465664 Comenzando con amount val 897.501000
2019-07-25 17:07:43,161 DEBUG: exchange_rates.backends.base 14567 140015408465664 Rate val 0.896210
2019-07-25 17:07:43,162 DEBUG: exchange_rates.backends.base 14567 140015408465664 Day val 896.210000
2019-07-25 17:07:43,162 DEBUG: exchange_rates.backends.base 14567 140015408465664 Period val -0.001438438508703611472299195210
2019-07-25 17:07:43,162 DEBUG: exchange_rates.backends.base 14567 140015408465664 Period val +1: =0.9985615614912963885277008048
2019-07-25 17:07:43,162 DEBUG: exchange_rates.backends.base 14567 140015408465664 result con -1: =-0.1037900000000000000000000002
2019-07-25 17:07:43,162 DEBUG: exchange_rates.backends.base 14567 140015408465664 Resultado suponiendo un periodo en vez de cada dia: -0.103790
2019-07-25 17:07:48,032 DEBUG: exchange_rates.backends.base 14567 140015408465664 Orig amount 1000
2019-07-25 17:07:48,032 DEBUG: exchange_rates.backends.base 14567 140015408465664 Comenzando con amount val 1000
2019-07-25 17:07:48,032 DEBUG: exchange_rates.backends.base 14567 140015408465664 Rate val 0.897501
2019-07-25 17:07:48,032 DEBUG: exchange_rates.backends.base 14567 140015408465664 Day val 897.501000
2019-07-25 17:07:48,032 DEBUG: exchange_rates.backends.base 14567 140015408465664 Period val -0.102499
2019-07-25 17:07:48,032 DEBUG: exchange_rates.backends.base 14567 140015408465664 Period val +1: =0.897501
2019-07-25 17:07:48,032 DEBUG: exchange_rates.backends.base 14567 140015408465664 Comenzando con amount val 897.501000
2019-07-25 17:07:48,032 DEBUG: exchange_rates.backends.base 14567 140015408465664 Rate val 0.896210
2019-07-25 17:07:48,032 DEBUG: exchange_rates.backends.base 14567 140015408465664 Day val 896.210000
2019-07-25 17:07:48,032 DEBUG: exchange_rates.backends.base 14567 140015408465664 Period val -0.001438438508703611472299195210
2019-07-25 17:07:48,033 DEBUG: exchange_rates.backends.base 14567 140015408465664 Period val +1: =0.9985615614912963885277008048
2019-07-25 17:07:48,033 DEBUG: exchange_rates.backends.base 14567 140015408465664 result con -1: =-0.1037900000000000000000000000
2019-07-25 17:07:48,033 DEBUG: exchange_rates.backends.base 14567 140015408465664 Resultado suponiendo un periodo en vez de cada dia: -0.103790
2019-07-25 17:07:51,287 DEBUG: exchange_rates.backends.base 14567 140015408465664 Orig amount 1000
2019-07-25 17:07:51,287 DEBUG: exchange_rates.backends.base 14567 140015408465664 Comenzando con amount val 1000
2019-07-25 17:07:51,287 DEBUG: exchange_rates.backends.base 14567 140015408465664 Rate val 0.896210
2019-07-25 17:07:51,287 DEBUG: exchange_rates.backends.base 14567 140015408465664 Day val 896.210000
2019-07-25 17:07:51,288 DEBUG: exchange_rates.backends.base 14567 140015408465664 Period val -0.103790
2019-07-25 17:07:51,288 DEBUG: exchange_rates.backends.base 14567 140015408465664 Period val +1: =0.896210
2019-07-25 17:07:51,288 DEBUG: exchange_rates.backends.base 14567 140015408465664 result con -1: =-0.103790
2019-07-25 17:07:51,288 DEBUG: exchange_rates.backends.base 14567 140015408465664 Resultado suponiendo un periodo en vez de cada dia: -0.103790
2019-07-25 17:08:18,987 DEBUG: exchange_rates.backends.base 14567 140015408465664 Orig amount 1000
2019-07-25 17:08:18,987 DEBUG: exchange_rates.backends.base 14567 140015408465664 Comenzando con amount val 1000
2019-07-25 17:08:18,988 DEBUG: exchange_rates.backends.base 14567 140015408465664 Rate val 0.896210
2019-07-25 17:08:18,988 DEBUG: exchange_rates.backends.base 14567 140015408465664 Day val 896.210000
2019-07-25 17:08:18,988 DEBUG: exchange_rates.backends.base 14567 140015408465664 Period val -0.103790
2019-07-25 17:08:18,989 DEBUG: exchange_rates.backends.base 14567 140015408465664 Period val +1: =0.896210
2019-07-25 17:08:18,989 DEBUG: exchange_rates.backends.base 14567 140015408465664 result con -1: =-0.103790
2019-07-25 17:08:18,989 DEBUG: exchange_rates.backends.base 14567 140015408465664 Resultado suponiendo un periodo en vez de cada dia: -0.103790
2019-07-25 17:10:21,237 DEBUG: exchange_rates.backends.base 19032 140341930731264 Orig amount 1000
2019-07-25 17:10:21,237 DEBUG: exchange_rates.backends.base 19032 140341930731264 Comenzando con amount val 1000
2019-07-25 17:10:21,237 DEBUG: exchange_rates.backends.base 19032 140341930731264 Rate val 0.896210
2019-07-25 17:10:21,237 DEBUG: exchange_rates.backends.base 19032 140341930731264 Day val 896.210000
2019-07-25 17:10:21,237 DEBUG: exchange_rates.backends.base 19032 140341930731264 Period val -0.103790
2019-07-25 17:10:21,237 DEBUG: exchange_rates.backends.base 19032 140341930731264 Period val +1: =0.896210
2019-07-25 17:10:21,237 DEBUG: exchange_rates.backends.base 19032 140341930731264 result con -1: =-0.103790
2019-07-25 17:10:21,238 DEBUG: exchange_rates.backends.base 19032 140341930731264 Resultado suponiendo un periodo en vez de cada dia: -1.103790
2019-07-25 18:28:38,274 ERROR: django.request 27709 139804570179328 Internal Server Error: /api/v1/TWR/
Traceback (most recent call last):
  File "/home/rsoriano/virtualenvs/exo_investing/exo_investing/lib/python3.5/site-packages/django/core/handlers/exception.py", line 35, in inner
    response = get_response(request)
  File "/home/rsoriano/virtualenvs/exo_investing/exo_investing/lib/python3.5/site-packages/django/core/handlers/base.py", line 128, in _get_response
    response = self.process_exception_by_middleware(e, request)
  File "/home/rsoriano/virtualenvs/exo_investing/exo_investing/lib/python3.5/site-packages/django/core/handlers/base.py", line 126, in _get_response
    response = wrapped_callback(request, *callback_args, **callback_kwargs)
  File "/home/rsoriano/virtualenvs/exo_investing/exo_investing/lib/python3.5/site-packages/django/views/decorators/csrf.py", line 54, in wrapped_view
    return view_func(*args, **kwargs)
  File "/home/rsoriano/virtualenvs/exo_investing/exo_investing/lib/python3.5/site-packages/django/views/generic/base.py", line 69, in view
    return self.dispatch(request, *args, **kwargs)
  File "/home/rsoriano/virtualenvs/exo_investing/exo_investing/lib/python3.5/site-packages/rest_framework/views.py", line 497, in dispatch
    response = self.handle_exception(exc)
  File "/home/rsoriano/virtualenvs/exo_investing/exo_investing/lib/python3.5/site-packages/rest_framework/views.py", line 457, in handle_exception
    self.raise_uncaught_exception(exc)
  File "/home/rsoriano/virtualenvs/exo_investing/exo_investing/lib/python3.5/site-packages/rest_framework/views.py", line 468, in raise_uncaught_exception
    raise exc
  File "/home/rsoriano/virtualenvs/exo_investing/exo_investing/lib/python3.5/site-packages/rest_framework/views.py", line 494, in dispatch
    response = handler(request, *args, **kwargs)
  File "/home/rsoriano/virtualenvs/exo_investing/exo_currency/exchange_rates/api_rest/base/views.py", line 74, in get
    data = backend.calculate_time_weighted_rate(origin_currency, amount, target_currency, date_invested)
  File "/home/rsoriano/virtualenvs/exo_investing/exo_currency/exchange_rates/backends/base.py", line 152, in calculate_time_weighted_rate
    rates = self.get_rates(date_from=date_invested, source_currency=origin_currency, exchanged_currency=target_currency)
  File "/home/rsoriano/virtualenvs/exo_investing/exo_currency/exchange_rates/backends/base.py", line 109, in get_rates
    provider = self._get_provider()
  File "/home/rsoriano/virtualenvs/exo_investing/exo_currency/exchange_rates/backends/base.py", line 76, in _get_provider
    return cls._get_providers()[index]
  File "/home/rsoriano/virtualenvs/exo_investing/exo_investing/lib/python3.5/site-packages/django/db/models/query.py", line 307, in __getitem__
    return qs._result_cache[0]
IndexError: list index out of range
2019-07-25 18:30:09,292 DEBUG: exchange_rates.backends.base 27709 139804557764352 Orig amount 1000
2019-07-25 18:30:09,292 DEBUG: exchange_rates.backends.base 27709 139804557764352 Comenzando con amount val 1000
2019-07-25 18:30:09,292 DEBUG: exchange_rates.backends.base 27709 139804557764352 Rate val 0.89665
2019-07-25 18:30:09,293 DEBUG: exchange_rates.backends.base 27709 139804557764352 Day val 896.65000
2019-07-25 18:30:09,293 DEBUG: exchange_rates.backends.base 27709 139804557764352 Period val -0.10335
2019-07-25 18:30:09,293 DEBUG: exchange_rates.backends.base 27709 139804557764352 Period val +1: =0.89665
2019-07-25 18:30:09,293 DEBUG: exchange_rates.backends.base 27709 139804557764352 result con -1: =-0.10335
2019-07-25 18:30:09,293 DEBUG: exchange_rates.backends.base 27709 139804557764352 Resultado suponiendo un periodo en vez de cada dia: -0.10335
2019-07-25 19:03:28,315 ERROR: django.request 3752 140023415158528 Internal Server Error: /
Traceback (most recent call last):
  File "/home/rsoriano/virtualenvs/exo_investing/exo_investing/lib/python3.5/site-packages/django/core/handlers/exception.py", line 35, in inner
    response = get_response(request)
  File "/home/rsoriano/virtualenvs/exo_investing/exo_investing/lib/python3.5/site-packages/django/core/handlers/base.py", line 128, in _get_response
    response = self.process_exception_by_middleware(e, request)
  File "/home/rsoriano/virtualenvs/exo_investing/exo_investing/lib/python3.5/site-packages/django/core/handlers/base.py", line 126, in _get_response
    response = wrapped_callback(request, *callback_args, **callback_kwargs)
  File "/home/rsoriano/virtualenvs/exo_investing/exo_currency/exchange_rates/views.py", line 7, in exchange_rate_evolution
    return render(request, '', {})
  File "/home/rsoriano/virtualenvs/exo_investing/exo_investing/lib/python3.5/site-packages/django/shortcuts.py", line 36, in render
    content = loader.render_to_string(template_name, context, request, using=using)
  File "/home/rsoriano/virtualenvs/exo_investing/exo_investing/lib/python3.5/site-packages/django/template/loader.py", line 61, in render_to_string
    template = get_template(template_name, using=using)
  File "/home/rsoriano/virtualenvs/exo_investing/exo_investing/lib/python3.5/site-packages/django/template/loader.py", line 15, in get_template
    return engine.get_template(template_name)
  File "/home/rsoriano/virtualenvs/exo_investing/exo_investing/lib/python3.5/site-packages/django/template/backends/django.py", line 34, in get_template
    return Template(self.engine.get_template(template_name), self)
  File "/home/rsoriano/virtualenvs/exo_investing/exo_investing/lib/python3.5/site-packages/django/template/engine.py", line 144, in get_template
    template, origin = self.find_template(template_name)
  File "/home/rsoriano/virtualenvs/exo_investing/exo_investing/lib/python3.5/site-packages/django/template/engine.py", line 126, in find_template
    template = loader.get_template(name, skip=skip)
  File "/home/rsoriano/virtualenvs/exo_investing/exo_investing/lib/python3.5/site-packages/django/template/loaders/base.py", line 24, in get_template
    contents = self.get_contents(origin)
  File "/home/rsoriano/virtualenvs/exo_investing/exo_investing/lib/python3.5/site-packages/django/template/loaders/filesystem.py", line 23, in get_contents
    with open(origin.name, encoding=self.engine.file_charset) as fp:
IsADirectoryError: [Errno 21] Is a directory: '/home/rsoriano/virtualenvs/exo_investing/exo_investing/lib/python3.5/site-packages/django/contrib/admin/templates'
2019-07-25 19:04:34,930 ERROR: django.request 3752 140023415158528 Internal Server Error: /
Traceback (most recent call last):
  File "/home/rsoriano/virtualenvs/exo_investing/exo_investing/lib/python3.5/site-packages/django/core/handlers/exception.py", line 35, in inner
    response = get_response(request)
  File "/home/rsoriano/virtualenvs/exo_investing/exo_investing/lib/python3.5/site-packages/django/core/handlers/base.py", line 128, in _get_response
    response = self.process_exception_by_middleware(e, request)
  File "/home/rsoriano/virtualenvs/exo_investing/exo_investing/lib/python3.5/site-packages/django/core/handlers/base.py", line 126, in _get_response
    response = wrapped_callback(request, *callback_args, **callback_kwargs)
  File "/home/rsoriano/virtualenvs/exo_investing/exo_currency/exchange_rates/views.py", line 7, in exchange_rate_evolution
    return render(request, '', {})
  File "/home/rsoriano/virtualenvs/exo_investing/exo_investing/lib/python3.5/site-packages/django/shortcuts.py", line 36, in render
    content = loader.render_to_string(template_name, context, request, using=using)
  File "/home/rsoriano/virtualenvs/exo_investing/exo_investing/lib/python3.5/site-packages/django/template/loader.py", line 61, in render_to_string
    template = get_template(template_name, using=using)
  File "/home/rsoriano/virtualenvs/exo_investing/exo_investing/lib/python3.5/site-packages/django/template/loader.py", line 15, in get_template
    return engine.get_template(template_name)
  File "/home/rsoriano/virtualenvs/exo_investing/exo_investing/lib/python3.5/site-packages/django/template/backends/django.py", line 34, in get_template
    return Template(self.engine.get_template(template_name), self)
  File "/home/rsoriano/virtualenvs/exo_investing/exo_investing/lib/python3.5/site-packages/django/template/engine.py", line 144, in get_template
    template, origin = self.find_template(template_name)
  File "/home/rsoriano/virtualenvs/exo_investing/exo_investing/lib/python3.5/site-packages/django/template/engine.py", line 126, in find_template
    template = loader.get_template(name, skip=skip)
  File "/home/rsoriano/virtualenvs/exo_investing/exo_investing/lib/python3.5/site-packages/django/template/loaders/base.py", line 24, in get_template
    contents = self.get_contents(origin)
  File "/home/rsoriano/virtualenvs/exo_investing/exo_investing/lib/python3.5/site-packages/django/template/loaders/filesystem.py", line 23, in get_contents
    with open(origin.name, encoding=self.engine.file_charset) as fp:
IsADirectoryError: [Errno 21] Is a directory: '/home/rsoriano/virtualenvs/exo_investing/exo_investing/lib/python3.5/site-packages/django/contrib/admin/templates'
2019-07-25 19:04:48,993 ERROR: django.request 5552 140315534477056 Internal Server Error: /
Traceback (most recent call last):
  File "/home/rsoriano/virtualenvs/exo_investing/exo_investing/lib/python3.5/site-packages/django/core/handlers/exception.py", line 35, in inner
    response = get_response(request)
  File "/home/rsoriano/virtualenvs/exo_investing/exo_investing/lib/python3.5/site-packages/django/core/handlers/base.py", line 128, in _get_response
    response = self.process_exception_by_middleware(e, request)
  File "/home/rsoriano/virtualenvs/exo_investing/exo_investing/lib/python3.5/site-packages/django/core/handlers/base.py", line 126, in _get_response
    response = wrapped_callback(request, *callback_args, **callback_kwargs)
  File "/home/rsoriano/virtualenvs/exo_investing/exo_currency/exchange_rates/views.py", line 7, in exchange_rate_evolution
    return render(request, 'exchange_rates.html', {})
  File "/home/rsoriano/virtualenvs/exo_investing/exo_investing/lib/python3.5/site-packages/django/shortcuts.py", line 36, in render
    content = loader.render_to_string(template_name, context, request, using=using)
  File "/home/rsoriano/virtualenvs/exo_investing/exo_investing/lib/python3.5/site-packages/django/template/loader.py", line 61, in render_to_string
    template = get_template(template_name, using=using)
  File "/home/rsoriano/virtualenvs/exo_investing/exo_investing/lib/python3.5/site-packages/django/template/loader.py", line 19, in get_template
    raise TemplateDoesNotExist(template_name, chain=chain)
django.template.exceptions.TemplateDoesNotExist: exchange_rates.html
2019-07-25 19:09:11,551 ERROR: django.request 5932 140272826578688 Internal Server Error: /
Traceback (most recent call last):
  File "/home/rsoriano/virtualenvs/exo_investing/exo_investing/lib/python3.5/site-packages/django/template/defaulttags.py", line 1025, in find_library
    return parser.libraries[name]
KeyError: 'format_rates'

During handling of the above exception, another exception occurred:

Traceback (most recent call last):
  File "/home/rsoriano/virtualenvs/exo_investing/exo_investing/lib/python3.5/site-packages/django/core/handlers/exception.py", line 35, in inner
    response = get_response(request)
  File "/home/rsoriano/virtualenvs/exo_investing/exo_investing/lib/python3.5/site-packages/django/core/handlers/base.py", line 128, in _get_response
    response = self.process_exception_by_middleware(e, request)
  File "/home/rsoriano/virtualenvs/exo_investing/exo_investing/lib/python3.5/site-packages/django/core/handlers/base.py", line 126, in _get_response
    response = wrapped_callback(request, *callback_args, **callback_kwargs)
  File "/home/rsoriano/virtualenvs/exo_investing/exo_currency/exchange_rates/views.py", line 7, in exchange_rate_evolution
    return render(request, 'exchange_rates/exchange_rates.html', {})
  File "/home/rsoriano/virtualenvs/exo_investing/exo_investing/lib/python3.5/site-packages/django/shortcuts.py", line 36, in render
    content = loader.render_to_string(template_name, context, request, using=using)
  File "/home/rsoriano/virtualenvs/exo_investing/exo_investing/lib/python3.5/site-packages/django/template/loader.py", line 61, in render_to_string
    template = get_template(template_name, using=using)
  File "/home/rsoriano/virtualenvs/exo_investing/exo_investing/lib/python3.5/site-packages/django/template/loader.py", line 15, in get_template
    return engine.get_template(template_name)
  File "/home/rsoriano/virtualenvs/exo_investing/exo_investing/lib/python3.5/site-packages/django/template/backends/django.py", line 34, in get_template
    return Template(self.engine.get_template(template_name), self)
  File "/home/rsoriano/virtualenvs/exo_investing/exo_investing/lib/python3.5/site-packages/django/template/engine.py", line 144, in get_template
    template, origin = self.find_template(template_name)
  File "/home/rsoriano/virtualenvs/exo_investing/exo_investing/lib/python3.5/site-packages/django/template/engine.py", line 126, in find_template
    template = loader.get_template(name, skip=skip)
  File "/home/rsoriano/virtualenvs/exo_investing/exo_investing/lib/python3.5/site-packages/django/template/loaders/base.py", line 30, in get_template
    contents, origin, origin.template_name, self.engine,
  File "/home/rsoriano/virtualenvs/exo_investing/exo_investing/lib/python3.5/site-packages/django/template/base.py", line 160, in __init__
    self.nodelist = self.compile_nodelist()
  File "/home/rsoriano/virtualenvs/exo_investing/exo_investing/lib/python3.5/site-packages/django/template/base.py", line 198, in compile_nodelist
    return parser.parse()
  File "/home/rsoriano/virtualenvs/exo_investing/exo_investing/lib/python3.5/site-packages/django/template/base.py", line 483, in parse
    raise self.error(token, e)
  File "/home/rsoriano/virtualenvs/exo_investing/exo_investing/lib/python3.5/site-packages/django/template/base.py", line 481, in parse
    compiled_result = compile_func(self, token)
  File "/home/rsoriano/virtualenvs/exo_investing/exo_investing/lib/python3.5/site-packages/django/template/defaulttags.py", line 1082, in load
    lib = find_library(parser, name)
  File "/home/rsoriano/virtualenvs/exo_investing/exo_investing/lib/python3.5/site-packages/django/template/defaulttags.py", line 1029, in find_library
    name, "\n".join(sorted(parser.libraries)),
django.template.exceptions.TemplateSyntaxError: 'format_rates' is not a registered tag library. Must be one of:
admin_list
admin_modify
admin_static
admin_tree_list_tags
admin_urls
cache
category_tags
i18n
l10n
log
rest_framework
static
staticfiles
tz
2019-07-25 19:09:54,323 ERROR: django.request 5932 140272826578688 Internal Server Error: /
Traceback (most recent call last):
  File "/home/rsoriano/virtualenvs/exo_investing/exo_investing/lib/python3.5/site-packages/django/core/handlers/exception.py", line 35, in inner
    response = get_response(request)
  File "/home/rsoriano/virtualenvs/exo_investing/exo_investing/lib/python3.5/site-packages/django/core/handlers/base.py", line 128, in _get_response
    response = self.process_exception_by_middleware(e, request)
  File "/home/rsoriano/virtualenvs/exo_investing/exo_investing/lib/python3.5/site-packages/django/core/handlers/base.py", line 126, in _get_response
    response = wrapped_callback(request, *callback_args, **callback_kwargs)
  File "/home/rsoriano/virtualenvs/exo_investing/exo_currency/exchange_rates/views.py", line 7, in exchange_rate_evolution
    return render(request, 'exchange_rates/exchange_rates.html', {})
  File "/home/rsoriano/virtualenvs/exo_investing/exo_investing/lib/python3.5/site-packages/django/shortcuts.py", line 36, in render
    content = loader.render_to_string(template_name, context, request, using=using)
  File "/home/rsoriano/virtualenvs/exo_investing/exo_investing/lib/python3.5/site-packages/django/template/loader.py", line 62, in render_to_string
    return template.render(context, request)
  File "/home/rsoriano/virtualenvs/exo_investing/exo_investing/lib/python3.5/site-packages/django/template/backends/django.py", line 61, in render
    return self.template.render(context)
  File "/home/rsoriano/virtualenvs/exo_investing/exo_investing/lib/python3.5/site-packages/django/template/base.py", line 175, in render
    return self._render(context)
  File "/home/rsoriano/virtualenvs/exo_investing/exo_investing/lib/python3.5/site-packages/django/template/base.py", line 167, in _render
    return self.nodelist.render(context)
  File "/home/rsoriano/virtualenvs/exo_investing/exo_investing/lib/python3.5/site-packages/django/template/base.py", line 943, in render
    bit = node.render_annotated(context)
  File "/home/rsoriano/virtualenvs/exo_investing/exo_investing/lib/python3.5/site-packages/django/template/base.py", line 910, in render_annotated
    return self.render(context)
  File "/home/rsoriano/virtualenvs/exo_investing/exo_investing/lib/python3.5/site-packages/django/template/defaulttags.py", line 447, in render
    url = reverse(view_name, args=args, kwargs=kwargs, current_app=current_app)
  File "/home/rsoriano/virtualenvs/exo_investing/exo_investing/lib/python3.5/site-packages/django/urls/base.py", line 90, in reverse
    return iri_to_uri(resolver._reverse_with_prefix(view, prefix, *args, **kwargs))
  File "/home/rsoriano/virtualenvs/exo_investing/exo_investing/lib/python3.5/site-packages/django/urls/resolvers.py", line 634, in _reverse_with_prefix
    raise NoReverseMatch(msg)
django.urls.exceptions.NoReverseMatch: Reverse for 'index' not found. 'index' is not a valid view function or pattern name.
2019-07-25 19:21:50,122 ERROR: django.request 26757 139762271414016 Internal Server Error: /
Traceback (most recent call last):
  File "/home/rsoriano/virtualenvs/exo_investing/exo_investing/lib/python3.5/site-packages/django/core/handlers/exception.py", line 35, in inner
    response = get_response(request)
  File "/home/rsoriano/virtualenvs/exo_investing/exo_investing/lib/python3.5/site-packages/django/core/handlers/base.py", line 128, in _get_response
    response = self.process_exception_by_middleware(e, request)
  File "/home/rsoriano/virtualenvs/exo_investing/exo_investing/lib/python3.5/site-packages/django/core/handlers/base.py", line 126, in _get_response
    response = wrapped_callback(request, *callback_args, **callback_kwargs)
  File "/home/rsoriano/virtualenvs/exo_investing/exo_currency/exchange_rates/views.py", line 9, in exchange_rate_evolution
    base_currency = available_currencies.objects.get(code=getattr(settings, 'DEFAULT_BASE_CURRENCY'))
AttributeError: 'QuerySet' object has no attribute 'objects'
2019-07-26 01:06:12,962 ERROR: django.request 24897 139657667643136 Internal Server Error: /
Traceback (most recent call last):
  File "/home/rsoriano/virtualenvs/exo_investing/exo_investing/lib/python3.5/site-packages/django/core/handlers/exception.py", line 35, in inner
    response = get_response(request)
  File "/home/rsoriano/virtualenvs/exo_investing/exo_investing/lib/python3.5/site-packages/django/core/handlers/base.py", line 128, in _get_response
    response = self.process_exception_by_middleware(e, request)
  File "/home/rsoriano/virtualenvs/exo_investing/exo_investing/lib/python3.5/site-packages/django/core/handlers/base.py", line 126, in _get_response
    response = wrapped_callback(request, *callback_args, **callback_kwargs)
  File "/home/rsoriano/virtualenvs/exo_investing/exo_currency/exchange_rates/views.py", line 11, in exchange_rate_evolution
    base_rate = CurrencyExchangeRate.objects.filter(source_currency__currency_code=base).select_related().first()
  File "/home/rsoriano/virtualenvs/exo_investing/exo_investing/lib/python3.5/site-packages/django/db/models/manager.py", line 82, in manager_method
    return getattr(self.get_queryset(), name)(*args, **kwargs)
  File "/home/rsoriano/virtualenvs/exo_investing/exo_investing/lib/python3.5/site-packages/django/db/models/query.py", line 839, in filter
    return self._filter_or_exclude(False, *args, **kwargs)
  File "/home/rsoriano/virtualenvs/exo_investing/exo_investing/lib/python3.5/site-packages/django/db/models/query.py", line 857, in _filter_or_exclude
    clone.query.add_q(Q(*args, **kwargs))
  File "/home/rsoriano/virtualenvs/exo_investing/exo_investing/lib/python3.5/site-packages/django/db/models/sql/query.py", line 1253, in add_q
    clause, _ = self._add_q(q_object, self.used_aliases)
  File "/home/rsoriano/virtualenvs/exo_investing/exo_investing/lib/python3.5/site-packages/django/db/models/sql/query.py", line 1277, in _add_q
    split_subq=split_subq,
  File "/home/rsoriano/virtualenvs/exo_investing/exo_investing/lib/python3.5/site-packages/django/db/models/sql/query.py", line 1215, in build_filter
    condition = self.build_lookup(lookups, col, value)
  File "/home/rsoriano/virtualenvs/exo_investing/exo_investing/lib/python3.5/site-packages/django/db/models/sql/query.py", line 1076, in build_lookup
    raise FieldError('Related Field got invalid lookup: {}'.format(lookup_name))
django.core.exceptions.FieldError: Related Field got invalid lookup: currency_code
